2022-12-02 09:07:05.890  INFO 29640 --- [restartedMain] o.d.VenPalMo.VenPalMoApplication         : Starting VenPalMoApplication using Java 11.0.17 on rangerBUTTS with PID 29640 (C:\Users\Devin.Butts\Documents\Programming\VenPalMo\target\classes started by Devin.Butts in C:\Users\Devin.Butts\Documents\Programming\VenPalMo)
2022-12-02 09:07:05.905 DEBUG 29640 --- [restartedMain] o.d.VenPalMo.VenPalMoApplication         : Running with Spring Boot v2.7.5, Spring v5.3.23
2022-12-02 09:07:05.907  INFO 29640 --- [restartedMain] o.d.VenPalMo.VenPalMoApplication         : No active profile set, falling back to 1 default profile: "default"
2022-12-02 09:07:06.008  INFO 29640 --- [restartedMain] .e.DevToolsPropertyDefaultsPostProcessor : Devtools property defaults active! Set 'spring.devtools.add-properties' to 'false' to disable
2022-12-02 09:07:06.008  INFO 29640 --- [restartedMain] .e.DevToolsPropertyDefaultsPostProcessor : For additional web related logging consider setting the 'logging.level.web' property to 'DEBUG'
2022-12-02 09:07:06.866  INFO 29640 --- [restartedMain] .s.d.r.c.RepositoryConfigurationDelegate : Bootstrapping Spring Data JPA repositories in DEFAULT mode.
2022-12-02 09:07:06.941  INFO 29640 --- [restartedMain] .s.d.r.c.RepositoryConfigurationDelegate : Finished Spring Data repository scanning in 64 ms. Found 5 JPA repository interfaces.
2022-12-02 09:07:07.938  INFO 29640 --- [restartedMain] o.s.b.w.embedded.tomcat.TomcatWebServer  : Tomcat initialized with port(s): 8080 (http)
2022-12-02 09:07:07.952  INFO 29640 --- [restartedMain] o.apache.catalina.core.StandardService   : Starting service [Tomcat]
2022-12-02 09:07:07.953  INFO 29640 --- [restartedMain] org.apache.catalina.core.StandardEngine  : Starting Servlet engine: [Apache Tomcat/9.0.68]
2022-12-02 09:07:08.054  INFO 29640 --- [restartedMain] o.a.c.c.C.[Tomcat].[localhost].[/]       : Initializing Spring embedded WebApplicationContext
2022-12-02 09:07:08.054  INFO 29640 --- [restartedMain] w.s.c.ServletWebServerApplicationContext : Root WebApplicationContext: initialization completed in 2045 ms
2022-12-02 09:07:08.357  INFO 29640 --- [restartedMain] o.hibernate.jpa.internal.util.LogHelper  : HHH000204: Processing PersistenceUnitInfo [name: default]
2022-12-02 09:07:08.428  INFO 29640 --- [restartedMain] org.hibernate.Version                    : HHH000412: Hibernate ORM core version 5.6.12.Final
2022-12-02 09:07:08.610  INFO 29640 --- [restartedMain] o.hibernate.annotations.common.Version   : HCANN000001: Hibernate Commons Annotations {5.1.2.Final}
2022-12-02 09:07:08.723  INFO 29640 --- [restartedMain] com.zaxxer.hikari.HikariDataSource       : HikariPool-1 - Starting...
2022-12-02 09:07:09.080  INFO 29640 --- [restartedMain] com.zaxxer.hikari.HikariDataSource       : HikariPool-1 - Start completed.
2022-12-02 09:07:09.098  INFO 29640 --- [restartedMain] org.hibernate.dialect.Dialect            : HHH000400: Using dialect: org.hibernate.dialect.MySQLDialect
2022-12-02 09:07:09.963  INFO 29640 --- [restartedMain] o.h.e.t.j.p.i.JtaPlatformInitiator       : HHH000490: Using JtaPlatform implementation: [org.hibernate.engine.transaction.jta.platform.internal.NoJtaPlatform]
2022-12-02 09:07:09.971  INFO 29640 --- [restartedMain] j.LocalContainerEntityManagerFactoryBean : Initialized JPA EntityManagerFactory for persistence unit 'default'
2022-12-02 09:07:10.731  INFO 29640 --- [restartedMain] o.s.s.web.DefaultSecurityFilterChain     : Will secure any request with [org.springframework.security.web.session.DisableEncodeUrlFilter@2cf2dae1, org.springframework.security.web.context.request.async.WebAsyncManagerIntegrationFilter@6f351258, org.springframework.security.web.context.SecurityContextPersistenceFilter@693c640b, org.springframework.security.web.header.HeaderWriterFilter@1bed9f22, org.springframework.security.web.authentication.logout.LogoutFilter@c6d243a, org.springframework.security.web.authentication.UsernamePasswordAuthenticationFilter@33646635, org.springframework.security.web.savedrequest.RequestCacheAwareFilter@62c88f3a, org.springframework.security.web.servletapi.SecurityContextHolderAwareRequestFilter@341cc01d, org.springframework.security.web.authentication.AnonymousAuthenticationFilter@2b3e3ad0, org.springframework.security.web.session.SessionManagementFilter@13c4bf75, org.springframework.security.web.access.ExceptionTranslationFilter@2687001a, org.springframework.security.web.access.intercept.FilterSecurityInterceptor@1952191d]
2022-12-02 09:07:10.824  WARN 29640 --- [restartedMain] JpaBaseConfiguration$JpaWebConfiguration : spring.jpa.open-in-view is enabled by default. Therefore, database queries may be performed during view rendering. Explicitly configure spring.jpa.open-in-view to disable this warning
2022-12-02 09:07:11.465  INFO 29640 --- [restartedMain] o.s.b.d.a.OptionalLiveReloadServer       : LiveReload server is running on port 35729
2022-12-02 09:07:11.513  INFO 29640 --- [restartedMain] o.s.b.w.embedded.tomcat.TomcatWebServer  : Tomcat started on port(s): 8080 (http) with context path ''
2022-12-02 09:07:11.528  INFO 29640 --- [restartedMain] o.d.VenPalMo.VenPalMoApplication         : Started VenPalMoApplication in 6.121 seconds (JVM running for 6.893)
2022-12-02 09:07:25.312  INFO 29640 --- [SpringApplicationShutdownHook] j.LocalContainerEntityManagerFactoryBean : Closing JPA EntityManagerFactory for persistence unit 'default'
2022-12-02 09:07:25.317  INFO 29640 --- [SpringApplicationShutdownHook] com.zaxxer.hikari.HikariDataSource       : HikariPool-1 - Shutdown initiated...
2022-12-02 09:07:25.335  INFO 29640 --- [SpringApplicationShutdownHook] com.zaxxer.hikari.HikariDataSource       : HikariPool-1 - Shutdown completed.
2022-12-02 09:07:29.042  INFO 2512 --- [restartedMain] o.d.VenPalMo.VenPalMoApplication         : Starting VenPalMoApplication using Java 11.0.17 on rangerBUTTS with PID 2512 (C:\Users\Devin.Butts\Documents\Programming\VenPalMo\target\classes started by Devin.Butts in C:\Users\Devin.Butts\Documents\Programming\VenPalMo)
2022-12-02 09:07:29.044 DEBUG 2512 --- [restartedMain] o.d.VenPalMo.VenPalMoApplication         : Running with Spring Boot v2.7.5, Spring v5.3.23
2022-12-02 09:07:29.045  INFO 2512 --- [restartedMain] o.d.VenPalMo.VenPalMoApplication         : No active profile set, falling back to 1 default profile: "default"
2022-12-02 09:07:29.135  INFO 2512 --- [restartedMain] .e.DevToolsPropertyDefaultsPostProcessor : Devtools property defaults active! Set 'spring.devtools.add-properties' to 'false' to disable
2022-12-02 09:07:29.135  INFO 2512 --- [restartedMain] .e.DevToolsPropertyDefaultsPostProcessor : For additional web related logging consider setting the 'logging.level.web' property to 'DEBUG'
2022-12-02 09:07:29.867  INFO 2512 --- [restartedMain] .s.d.r.c.RepositoryConfigurationDelegate : Bootstrapping Spring Data JPA repositories in DEFAULT mode.
2022-12-02 09:07:29.929  INFO 2512 --- [restartedMain] .s.d.r.c.RepositoryConfigurationDelegate : Finished Spring Data repository scanning in 53 ms. Found 5 JPA repository interfaces.
2022-12-02 09:07:30.909  INFO 2512 --- [restartedMain] o.s.b.w.embedded.tomcat.TomcatWebServer  : Tomcat initialized with port(s): 8080 (http)
2022-12-02 09:07:30.927  INFO 2512 --- [restartedMain] o.apache.catalina.core.StandardService   : Starting service [Tomcat]
2022-12-02 09:07:30.928  INFO 2512 --- [restartedMain] org.apache.catalina.core.StandardEngine  : Starting Servlet engine: [Apache Tomcat/9.0.68]
2022-12-02 09:07:31.009  INFO 2512 --- [restartedMain] o.a.c.c.C.[Tomcat].[localhost].[/]       : Initializing Spring embedded WebApplicationContext
2022-12-02 09:07:31.009  INFO 2512 --- [restartedMain] w.s.c.ServletWebServerApplicationContext : Root WebApplicationContext: initialization completed in 1873 ms
2022-12-02 09:07:31.312  INFO 2512 --- [restartedMain] o.hibernate.jpa.internal.util.LogHelper  : HHH000204: Processing PersistenceUnitInfo [name: default]
2022-12-02 09:07:31.386  INFO 2512 --- [restartedMain] org.hibernate.Version                    : HHH000412: Hibernate ORM core version 5.6.12.Final
2022-12-02 09:07:31.558  INFO 2512 --- [restartedMain] o.hibernate.annotations.common.Version   : HCANN000001: Hibernate Commons Annotations {5.1.2.Final}
2022-12-02 09:07:31.659  INFO 2512 --- [restartedMain] com.zaxxer.hikari.HikariDataSource       : HikariPool-1 - Starting...
2022-12-02 09:07:31.960  INFO 2512 --- [restartedMain] com.zaxxer.hikari.HikariDataSource       : HikariPool-1 - Start completed.
2022-12-02 09:07:31.972  INFO 2512 --- [restartedMain] org.hibernate.dialect.Dialect            : HHH000400: Using dialect: org.hibernate.dialect.MySQLDialect
2022-12-02 09:07:32.700  INFO 2512 --- [restartedMain] o.h.e.t.j.p.i.JtaPlatformInitiator       : HHH000490: Using JtaPlatform implementation: [org.hibernate.engine.transaction.jta.platform.internal.NoJtaPlatform]
2022-12-02 09:07:32.708  INFO 2512 --- [restartedMain] j.LocalContainerEntityManagerFactoryBean : Initialized JPA EntityManagerFactory for persistence unit 'default'
2022-12-02 09:07:33.558  INFO 2512 --- [restartedMain] o.s.s.web.DefaultSecurityFilterChain     : Will secure any request with [org.springframework.security.web.session.DisableEncodeUrlFilter@4cf985de, org.springframework.security.web.context.request.async.WebAsyncManagerIntegrationFilter@4f6402a0, org.springframework.security.web.context.SecurityContextPersistenceFilter@6cdfdba0, org.springframework.security.web.header.HeaderWriterFilter@7cf87d44, org.springframework.security.web.authentication.logout.LogoutFilter@507862f8, org.springframework.security.web.authentication.UsernamePasswordAuthenticationFilter@45ec835f, org.springframework.security.web.savedrequest.RequestCacheAwareFilter@7dbb6a9e, org.springframework.security.web.servletapi.SecurityContextHolderAwareRequestFilter@216da4ad, org.springframework.security.web.authentication.AnonymousAuthenticationFilter@52856c7e, org.springframework.security.web.session.SessionManagementFilter@1333f72, org.springframework.security.web.access.ExceptionTranslationFilter@486b8b03, org.springframework.security.web.access.intercept.FilterSecurityInterceptor@669fc96c]
2022-12-02 09:07:33.676  WARN 2512 --- [restartedMain] JpaBaseConfiguration$JpaWebConfiguration : spring.jpa.open-in-view is enabled by default. Therefore, database queries may be performed during view rendering. Explicitly configure spring.jpa.open-in-view to disable this warning
2022-12-02 09:07:34.267  INFO 2512 --- [restartedMain] o.s.b.d.a.OptionalLiveReloadServer       : LiveReload server is running on port 35729
2022-12-02 09:07:34.310  INFO 2512 --- [restartedMain] o.s.b.w.embedded.tomcat.TomcatWebServer  : Tomcat started on port(s): 8080 (http) with context path ''
2022-12-02 09:07:34.323  INFO 2512 --- [restartedMain] o.d.VenPalMo.VenPalMoApplication         : Started VenPalMoApplication in 5.719 seconds (JVM running for 6.245)
2022-12-02 09:21:18.943  INFO 2512 --- [http-nio-8080-exec-1] o.a.c.c.C.[Tomcat].[localhost].[/]       : Initializing Spring DispatcherServlet 'dispatcherServlet'
2022-12-02 09:21:18.944  INFO 2512 --- [http-nio-8080-exec-1] o.s.web.servlet.DispatcherServlet        : Initializing Servlet 'dispatcherServlet'
2022-12-02 09:21:18.945  INFO 2512 --- [http-nio-8080-exec-1] o.s.web.servlet.DispatcherServlet        : Completed initialization in 1 ms
2022-12-02 09:21:19.064 DEBUG 2512 --- [http-nio-8080-exec-2] o.d.VenPalMo.controller.MainController   : Main Controller Login Request
2022-12-02 09:21:19.369 DEBUG 2512 --- [http-nio-8080-exec-7] o.d.VenPalMo.controller.MainController   : Main Controller Login Request
2022-12-02 09:21:31.071 DEBUG 2512 --- [http-nio-8080-exec-4] o.d.VenPalMo.controller.MainController   : Main Controller Login Request
2022-12-02 09:21:42.357 DEBUG 2512 --- [http-nio-8080-exec-9] o.d.VenPalMo.controller.MainController   : Main Controller Welcome Request
2022-12-02 09:21:42.370 DEBUG 2512 --- [http-nio-8080-exec-9] o.d.VenPalMo.controller.MainController   : UserDTO(userId=1, firstName=Devin, lastName=Butts, email=devinmbutts@gmail.com)
2022-12-02 09:22:26.874 DEBUG 2512 --- [http-nio-8080-exec-7] o.d.VenPalMo.controller.MainController   : Main Controller Welcome Request
2022-12-02 09:22:26.880 DEBUG 2512 --- [http-nio-8080-exec-7] o.d.VenPalMo.controller.MainController   : UserDTO(userId=1, firstName=Devin, lastName=Butts, email=devinmbutts@gmail.com)
2022-12-02 09:22:29.244  INFO 2512 --- [SpringApplicationShutdownHook] j.LocalContainerEntityManagerFactoryBean : Closing JPA EntityManagerFactory for persistence unit 'default'
2022-12-02 09:22:29.248  INFO 2512 --- [SpringApplicationShutdownHook] com.zaxxer.hikari.HikariDataSource       : HikariPool-1 - Shutdown initiated...
2022-12-02 09:22:29.270  INFO 2512 --- [SpringApplicationShutdownHook] com.zaxxer.hikari.HikariDataSource       : HikariPool-1 - Shutdown completed.
2022-12-02 09:22:32.198  INFO 29708 --- [restartedMain] o.d.VenPalMo.VenPalMoApplication         : Starting VenPalMoApplication using Java 11.0.17 on rangerBUTTS with PID 29708 (C:\Users\Devin.Butts\Documents\Programming\VenPalMo\target\classes started by Devin.Butts in C:\Users\Devin.Butts\Documents\Programming\VenPalMo)
2022-12-02 09:22:32.199 DEBUG 29708 --- [restartedMain] o.d.VenPalMo.VenPalMoApplication         : Running with Spring Boot v2.7.5, Spring v5.3.23
2022-12-02 09:22:32.200  INFO 29708 --- [restartedMain] o.d.VenPalMo.VenPalMoApplication         : No active profile set, falling back to 1 default profile: "default"
2022-12-02 09:22:32.284  INFO 29708 --- [restartedMain] .e.DevToolsPropertyDefaultsPostProcessor : Devtools property defaults active! Set 'spring.devtools.add-properties' to 'false' to disable
2022-12-02 09:22:32.285  INFO 29708 --- [restartedMain] .e.DevToolsPropertyDefaultsPostProcessor : For additional web related logging consider setting the 'logging.level.web' property to 'DEBUG'
2022-12-02 09:22:32.994  INFO 29708 --- [restartedMain] .s.d.r.c.RepositoryConfigurationDelegate : Bootstrapping Spring Data JPA repositories in DEFAULT mode.
2022-12-02 09:22:33.070  INFO 29708 --- [restartedMain] .s.d.r.c.RepositoryConfigurationDelegate : Finished Spring Data repository scanning in 59 ms. Found 5 JPA repository interfaces.
2022-12-02 09:22:34.043  INFO 29708 --- [restartedMain] o.s.b.w.embedded.tomcat.TomcatWebServer  : Tomcat initialized with port(s): 8080 (http)
2022-12-02 09:22:34.060  INFO 29708 --- [restartedMain] o.apache.catalina.core.StandardService   : Starting service [Tomcat]
2022-12-02 09:22:34.061  INFO 29708 --- [restartedMain] org.apache.catalina.core.StandardEngine  : Starting Servlet engine: [Apache Tomcat/9.0.68]
2022-12-02 09:22:34.156  INFO 29708 --- [restartedMain] o.a.c.c.C.[Tomcat].[localhost].[/]       : Initializing Spring embedded WebApplicationContext
2022-12-02 09:22:34.157  INFO 29708 --- [restartedMain] w.s.c.ServletWebServerApplicationContext : Root WebApplicationContext: initialization completed in 1871 ms
2022-12-02 09:22:34.511  INFO 29708 --- [restartedMain] o.hibernate.jpa.internal.util.LogHelper  : HHH000204: Processing PersistenceUnitInfo [name: default]
2022-12-02 09:22:34.587  INFO 29708 --- [restartedMain] org.hibernate.Version                    : HHH000412: Hibernate ORM core version 5.6.12.Final
2022-12-02 09:22:34.785  INFO 29708 --- [restartedMain] o.hibernate.annotations.common.Version   : HCANN000001: Hibernate Commons Annotations {5.1.2.Final}
2022-12-02 09:22:34.893  INFO 29708 --- [restartedMain] com.zaxxer.hikari.HikariDataSource       : HikariPool-1 - Starting...
2022-12-02 09:22:35.221  INFO 29708 --- [restartedMain] com.zaxxer.hikari.HikariDataSource       : HikariPool-1 - Start completed.
2022-12-02 09:22:35.236  INFO 29708 --- [restartedMain] org.hibernate.dialect.Dialect            : HHH000400: Using dialect: org.hibernate.dialect.MySQLDialect
2022-12-02 09:22:36.022  INFO 29708 --- [restartedMain] o.h.e.t.j.p.i.JtaPlatformInitiator       : HHH000490: Using JtaPlatform implementation: [org.hibernate.engine.transaction.jta.platform.internal.NoJtaPlatform]
2022-12-02 09:22:36.029  INFO 29708 --- [restartedMain] j.LocalContainerEntityManagerFactoryBean : Initialized JPA EntityManagerFactory for persistence unit 'default'
2022-12-02 09:22:36.898  INFO 29708 --- [restartedMain] o.s.s.web.DefaultSecurityFilterChain     : Will secure any request with [org.springframework.security.web.session.DisableEncodeUrlFilter@3cd153d, org.springframework.security.web.context.request.async.WebAsyncManagerIntegrationFilter@288aa2d0, org.springframework.security.web.context.SecurityContextPersistenceFilter@6d28c514, org.springframework.security.web.header.HeaderWriterFilter@780a1709, org.springframework.security.web.authentication.logout.LogoutFilter@67d50522, org.springframework.security.web.authentication.UsernamePasswordAuthenticationFilter@1e76a34f, org.springframework.security.web.savedrequest.RequestCacheAwareFilter@3a9c6d77, org.springframework.security.web.servletapi.SecurityContextHolderAwareRequestFilter@5c89c960, org.springframework.security.web.authentication.AnonymousAuthenticationFilter@13539c9c, org.springframework.security.web.session.SessionManagementFilter@7192591, org.springframework.security.web.access.ExceptionTranslationFilter@36612846, org.springframework.security.web.access.intercept.FilterSecurityInterceptor@5c3553e6]
2022-12-02 09:22:36.997  WARN 29708 --- [restartedMain] JpaBaseConfiguration$JpaWebConfiguration : spring.jpa.open-in-view is enabled by default. Therefore, database queries may be performed during view rendering. Explicitly configure spring.jpa.open-in-view to disable this warning
2022-12-02 09:22:37.623  INFO 29708 --- [restartedMain] o.s.b.d.a.OptionalLiveReloadServer       : LiveReload server is running on port 35729
2022-12-02 09:22:37.674  INFO 29708 --- [restartedMain] o.s.b.w.embedded.tomcat.TomcatWebServer  : Tomcat started on port(s): 8080 (http) with context path ''
2022-12-02 09:22:37.688  INFO 29708 --- [restartedMain] o.d.VenPalMo.VenPalMoApplication         : Started VenPalMoApplication in 6.1 seconds (JVM running for 6.649)
2022-12-02 09:22:38.516  INFO 29708 --- [http-nio-8080-exec-1] o.a.c.c.C.[Tomcat].[localhost].[/]       : Initializing Spring DispatcherServlet 'dispatcherServlet'
2022-12-02 09:22:38.517  INFO 29708 --- [http-nio-8080-exec-1] o.s.web.servlet.DispatcherServlet        : Initializing Servlet 'dispatcherServlet'
2022-12-02 09:22:38.518  INFO 29708 --- [http-nio-8080-exec-1] o.s.web.servlet.DispatcherServlet        : Completed initialization in 1 ms
2022-12-02 09:22:38.554 DEBUG 29708 --- [http-nio-8080-exec-1] o.d.VenPalMo.controller.MainController   : Main Controller Welcome Request
2022-12-02 09:22:38.599 DEBUG 29708 --- [http-nio-8080-exec-1] o.d.VenPalMo.controller.MainController   : UserDTO(userId=1, firstName=Devin, lastName=Butts, email=devinmbutts@gmail.com)
2022-12-02 09:22:52.801 DEBUG 29708 --- [http-nio-8080-exec-7] o.d.VenPalMo.controller.MainController   : Main Controller Login Request
2022-12-02 09:25:31.029 DEBUG 29708 --- [http-nio-8080-exec-5] o.d.VenPalMo.controller.MainController   : Main Controller Welcome Request
2022-12-02 09:25:31.032 DEBUG 29708 --- [http-nio-8080-exec-5] o.d.VenPalMo.controller.MainController   : UserDTO(userId=1, firstName=Devin, lastName=Butts, email=devinmbutts@gmail.com)
2022-12-02 09:25:52.398 DEBUG 29708 --- [http-nio-8080-exec-10] o.d.VenPalMo.controller.MainController   : Main Controller Login Request
2022-12-02 09:25:57.338 DEBUG 29708 --- [http-nio-8080-exec-5] o.d.VenPalMo.controller.MainController   : Main Controller Welcome Request
2022-12-02 09:25:57.343 DEBUG 29708 --- [http-nio-8080-exec-5] o.d.VenPalMo.controller.MainController   : UserDTO(userId=2, firstName=Nick, lastName=Rufus, email=nick@gmail.com)
